<?xml version="1.0" encoding="UTF-8"?>
<testsuite xmlns:xsi="http://www.w3.org/2001/XMLSchema-instance" xsi:noNamespaceSchemaLocation="https://maven.apache.org/surefire/maven-surefire-plugin/xsd/surefire-test-report-3.0.xsd" version="3.0" name="org.jenkinsci.plugins.PageTest" time="0.003" tests="3" errors="0" skipped="0" failures="0">
  <properties>
    <property name="sun.desktop" value="windows"/>
    <property name="awt.toolkit" value="sun.awt.windows.WToolkit"/>
    <property name="hudson.udp" value="-1"/>
    <property name="java.specification.version" value="11"/>
    <property name="sun.cpu.isalist" value="amd64"/>
    <property name="sun.jnu.encoding" value="Cp1252"/>
    <property name="java.class.path" value="C:\Workspace\web-page\target\test-classes;C:\Workspace\web-page\target\classes;C:\Softs\.m2\repository\org\hamcrest\hamcrest-core\2.2\hamcrest-core-2.2.jar;C:\Softs\.m2\repository\org\hamcrest\hamcrest\2.2\hamcrest-2.2.jar;C:\Softs\.m2\repository\org\jenkins-ci\main\jenkins-core\2.235.5\jenkins-core-2.235.5.jar;C:\Softs\.m2\repository\org\jenkins-ci\plugins\icon-shim\icon-set\1.0.5\icon-set-1.0.5.jar;C:\Softs\.m2\repository\org\jenkins-ci\main\remoting\4.3\remoting-4.3.jar;C:\Softs\.m2\repository\org\jenkins-ci\main\cli\2.235.5\cli-2.235.5.jar;C:\Softs\.m2\repository\org\jenkins-ci\version-number\1.7\version-number-1.7.jar;C:\Softs\.m2\repository\org\jenkins-ci\crypto-util\1.5\crypto-util-1.5.jar;C:\Softs\.m2\repository\org\jvnet\hudson\jtidy\4aug2000r7-dev-hudson-1\jtidy-4aug2000r7-dev-hudson-1.jar;C:\Softs\.m2\repository\com\google\inject\guice\4.0\guice-4.0.jar;C:\Softs\.m2\repository\javax\inject\javax.inject\1\javax.inject-1.jar;C:\Softs\.m2\repository\aopalliance\aopalliance\1.0\aopalliance-1.0.jar;C:\Softs\.m2\repository\org\connectbot\jbcrypt\jbcrypt\1.0.0\jbcrypt-1.0.0.jar;C:\Softs\.m2\repository\org\jruby\ext\posix\jna-posix\1.0.3-jenkins-1\jna-posix-1.0.3-jenkins-1.jar;C:\Softs\.m2\repository\com\github\jnr\jnr-posix\3.0.45\jnr-posix-3.0.45.jar;C:\Softs\.m2\repository\com\github\jnr\jnr-ffi\2.1.8\jnr-ffi-2.1.8.jar;C:\Softs\.m2\repository\com\github\jnr\jffi\1.2.17\jffi-1.2.17.jar;C:\Softs\.m2\repository\com\github\jnr\jffi\1.2.16\jffi-1.2.16-native.jar;C:\Softs\.m2\repository\org\ow2\asm\asm\5.0.3\asm-5.0.3.jar;C:\Softs\.m2\repository\org\ow2\asm\asm-commons\5.0.3\asm-commons-5.0.3.jar;C:\Softs\.m2\repository\org\ow2\asm\asm-analysis\5.0.3\asm-analysis-5.0.3.jar;C:\Softs\.m2\repository\org\ow2\asm\asm-tree\5.0.3\asm-tree-5.0.3.jar;C:\Softs\.m2\repository\org\ow2\asm\asm-util\5.0.3\asm-util-5.0.3.jar;C:\Softs\.m2\repository\com\github\jnr\jnr-x86asm\1.0.2\jnr-x86asm-1.0.2.jar;C:\Softs\.m2\repository\com\github\jnr\jnr-constants\0.9.9\jnr-constants-0.9.9.jar;C:\Softs\.m2\repository\org\kohsuke\stapler\stapler-groovy\1.259\stapler-groovy-1.259.jar;C:\Softs\.m2\repository\org\kohsuke\stapler\stapler-jelly\1.259\stapler-jelly-1.259.jar;C:\Softs\.m2\repository\org\jenkins-ci\commons-jelly\1.1-jenkins-20120928\commons-jelly-1.1-jenkins-20120928.jar;C:\Softs\.m2\repository\org\dom4j\dom4j\2.1.1\dom4j-2.1.1.jar;C:\Softs\.m2\repository\org\kohsuke\stapler\stapler-jrebel\1.259\stapler-jrebel-1.259.jar;C:\Softs\.m2\repository\org\kohsuke\stapler\stapler\1.259\stapler-1.259.jar;C:\Softs\.m2\repository\javax\annotation\javax.annotation-api\1.2\javax.annotation-api-1.2.jar;C:\Softs\.m2\repository\commons-discovery\commons-discovery\0.4\commons-discovery-0.4.jar;C:\Softs\.m2\repository\org\jvnet\tiger-types\2.2\tiger-types-2.2.jar;C:\Softs\.m2\repository\org\kohsuke\asm5\5.0.1\asm5-5.0.1.jar;C:\Softs\.m2\repository\org\kohsuke\windows-package-checker\1.2\windows-package-checker-1.2.jar;C:\Softs\.m2\repository\org\kohsuke\stapler\stapler-adjunct-zeroclipboard\1.3.5-1\stapler-adjunct-zeroclipboard-1.3.5-1.jar;C:\Softs\.m2\repository\org\kohsuke\stapler\stapler-adjunct-timeline\1.5\stapler-adjunct-timeline-1.5.jar;C:\Softs\.m2\repository\org\kohsuke\stapler\stapler-adjunct-codemirror\1.3\stapler-adjunct-codemirror-1.3.jar;C:\Softs\.m2\repository\io\jenkins\stapler\jenkins-stapler-support\1.1\jenkins-stapler-support-1.1.jar;C:\Softs\.m2\repository\com\infradna\tool\bridge-method-annotation\1.13\bridge-method-annotation-1.13.jar;C:\Softs\.m2\repository\org\kohsuke\stapler\json-lib\2.4-jenkins-2\json-lib-2.4-jenkins-2.jar;C:\Softs\.m2\repository\net\sf\ezmorph\ezmorph\1.0.6\ezmorph-1.0.6.jar;C:\Softs\.m2\repository\commons-httpclient\commons-httpclient\3.1-jenkins-1\commons-httpclient-3.1-jenkins-1.jar;C:\Softs\.m2\repository\args4j\args4j\2.33\args4j-2.33.jar;C:\Softs\.m2\repository\org\jenkins-ci\annotation-indexer\1.12\annotation-indexer-1.12.jar;C:\Softs\.m2\repository\org\jenkins-ci\bytecode-compatibility-transformer\2.0-beta-2\bytecode-compatibility-transformer-2.0-beta-2.jar;C:\Softs\.m2\repository\org\kohsuke\asm6\6.2\asm6-6.2.jar;C:\Softs\.m2\repository\org\jenkins-ci\constant-pool-scanner\1.2\constant-pool-scanner-1.2.jar;C:\Softs\.m2\repository\org\jenkins-ci\task-reactor\1.5\task-reactor-1.5.jar;C:\Softs\.m2\repository\org\jvnet\localizer\localizer\1.26\localizer-1.26.jar;C:\Softs\.m2\repository\antlr\antlr\2.7.6\antlr-2.7.6.jar;C:\Softs\.m2\repository\org\jvnet\hudson\xstream\1.4.7-jenkins-1\xstream-1.4.7-jenkins-1.jar;C:\Softs\.m2\repository\xpp3\xpp3\1.1.4c\xpp3-1.1.4c.jar;C:\Softs\.m2\repository\net\sf\kxml\kxml2\2.3.0\kxml2-2.3.0.jar;C:\Softs\.m2\repository\org\jfree\jfreechart\1.0.19\jfreechart-1.0.19.jar;C:\Softs\.m2\repository\org\jfree\jcommon\1.0.23\jcommon-1.0.23.jar;C:\Softs\.m2\repository\org\apache\ant\ant\1.10.7\ant-1.10.7.jar;C:\Softs\.m2\repository\org\apache\ant\ant-launcher\1.10.7\ant-launcher-1.10.7.jar;C:\Softs\.m2\repository\commons-io\commons-io\2.6\commons-io-2.6.jar;C:\Softs\.m2\repository\commons-lang\commons-lang\2.6\commons-lang-2.6.jar;C:\Softs\.m2\repository\commons-digester\commons-digester\2.1\commons-digester-2.1.jar;C:\Softs\.m2\repository\commons-beanutils\commons-beanutils\1.9.3\commons-beanutils-1.9.3.jar;C:\Softs\.m2\repository\org\apache\commons\commons-compress\1.19\commons-compress-1.19.jar;C:\Softs\.m2\repository\com\sun\mail\jakarta.mail\1.6.5\jakarta.mail-1.6.5.jar;C:\Softs\.m2\repository\com\sun\activation\jakarta.activation\1.2.1\jakarta.activation-1.2.1.jar;C:\Softs\.m2\repository\jaxen\jaxen\1.1-beta-11\jaxen-1.1-beta-11.jar;C:\Softs\.m2\repository\commons-jelly\commons-jelly-tags-fmt\1.0\commons-jelly-tags-fmt-1.0.jar;C:\Softs\.m2\repository\commons-jelly\commons-jelly-tags-xml\1.1\commons-jelly-tags-xml-1.1.jar;C:\Softs\.m2\repository\org\jvnet\hudson\commons-jelly-tags-define\1.0.1-hudson-20071021\commons-jelly-tags-define-1.0.1-hudson-20071021.jar;C:\Softs\.m2\repository\org\jenkins-ci\commons-jexl\1.1-jenkins-20111212\commons-jexl-1.1-jenkins-20111212.jar;C:\Softs\.m2\repository\org\acegisecurity\acegi-security\1.0.7\acegi-security-1.0.7.jar;C:\Softs\.m2\repository\org\springframework\spring-jdbc\1.2.9\spring-jdbc-1.2.9.jar;C:\Softs\.m2\repository\org\springframework\spring-dao\1.2.9\spring-dao-1.2.9.jar;C:\Softs\.m2\repository\oro\oro\2.0.8\oro-2.0.8.jar;C:\Softs\.m2\repository\log4j\log4j\1.2.17\log4j-1.2.17.jar;C:\Softs\.m2\repository\org\codehaus\groovy\groovy-all\2.4.12\groovy-all-2.4.12.jar;C:\Softs\.m2\repository\jline\jline\2.12\jline-2.12.jar;C:\Softs\.m2\repository\org\fusesource\jansi\jansi\1.11\jansi-1.11.jar;C:\Softs\.m2\repository\org\springframework\spring-webmvc\2.5.6.SEC03\spring-webmvc-2.5.6.SEC03.jar;C:\Softs\.m2\repository\org\springframework\spring-beans\2.5.6.SEC03\spring-beans-2.5.6.SEC03.jar;C:\Softs\.m2\repository\org\springframework\spring-context\2.5.6.SEC03\spring-context-2.5.6.SEC03.jar;C:\Softs\.m2\repository\org\springframework\spring-context-support\2.5.6.SEC03\spring-context-support-2.5.6.SEC03.jar;C:\Softs\.m2\repository\org\springframework\spring-web\2.5.6.SEC03\spring-web-2.5.6.SEC03.jar;C:\Softs\.m2\repository\org\springframework\spring-core\2.5.6.SEC03\spring-core-2.5.6.SEC03.jar;C:\Softs\.m2\repository\org\springframework\spring-aop\2.5.6.SEC03\spring-aop-2.5.6.SEC03.jar;C:\Softs\.m2\repository\javax\servlet\jsp\jstl\javax.servlet.jsp.jstl-api\1.2.1\javax.servlet.jsp.jstl-api-1.2.1.jar;C:\Softs\.m2\repository\org\slf4j\jcl-over-slf4j\1.7.26\jcl-over-slf4j-1.7.26.jar;C:\Softs\.m2\repository\org\slf4j\slf4j-api\1.7.26\slf4j-api-1.7.26.jar;C:\Softs\.m2\repository\org\slf4j\log4j-over-slf4j\1.7.26\log4j-over-slf4j-1.7.26.jar;C:\Softs\.m2\repository\com\sun\xml\txw2\txw2\20110809\txw2-20110809.jar;C:\Softs\.m2\repository\javax\xml\stream\stax-api\1.0-2\stax-api-1.0-2.jar;C:\Softs\.m2\repository\relaxngDatatype\relaxngDatatype\20020414\relaxngDatatype-20020414.jar;C:\Softs\.m2\repository\commons-collections\commons-collections\3.2.2\commons-collections-3.2.2.jar;C:\Softs\.m2\repository\org\jvnet\winp\winp\1.28\winp-1.28.jar;C:\Softs\.m2\repository\org\jenkins-ci\memory-monitor\1.9\memory-monitor-1.9.jar;C:\Softs\.m2\repository\org\codehaus\woodstox\wstx-asl\3.2.9\wstx-asl-3.2.9.jar;C:\Softs\.m2\repository\stax\stax-api\1.0.1\stax-api-1.0.1.jar;C:\Softs\.m2\repository\net\java\dev\jna\jna\5.3.1\jna-5.3.1.jar;C:\Softs\.m2\repository\org\kohsuke\akuma\1.10\akuma-1.10.jar;C:\Softs\.m2\repository\org\kohsuke\libpam4j\1.11\libpam4j-1.11.jar;C:\Softs\.m2\repository\org\kohsuke\libzfs\0.8\libzfs-0.8.jar;C:\Softs\.m2\repository\com\sun\solaris\embedded_su4j\1.1\embedded_su4j-1.1.jar;C:\Softs\.m2\repository\net\java\sezpoz\sezpoz\1.13\sezpoz-1.13.jar;C:\Softs\.m2\repository\org\kohsuke\jinterop\j-interop\2.0.6-kohsuke-1\j-interop-2.0.6-kohsuke-1.jar;C:\Softs\.m2\repository\org\kohsuke\jinterop\j-interopdeps\2.0.6-kohsuke-1\j-interopdeps-2.0.6-kohsuke-1.jar;C:\Softs\.m2\repository\org\samba\jcifs\jcifs\1.3.17-kohsuke-1\jcifs-1.3.17-kohsuke-1.jar;C:\Softs\.m2\repository\org\jvnet\robust-http-client\robust-http-client\1.2\robust-http-client-1.2.jar;C:\Softs\.m2\repository\org\jenkins-ci\symbol-annotation\1.1\symbol-annotation-1.1.jar;C:\Softs\.m2\repository\commons-codec\commons-codec\1.14\commons-codec-1.14.jar;C:\Softs\.m2\repository\commons-fileupload\commons-fileupload\1.3.1-jenkins-2\commons-fileupload-1.3.1-jenkins-2.jar;C:\Softs\.m2\repository\com\google\guava\guava\11.0.1\guava-11.0.1.jar;C:\Softs\.m2\repository\com\jcraft\jzlib\1.1.3-kohsuke-1\jzlib-1.1.3-kohsuke-1.jar;C:\Softs\.m2\repository\org\jenkins-ci\main\jenkins-war\2.235.5\jenkins-war-2.235.5.war;C:\Softs\.m2\repository\org\jenkins-ci\modules\instance-identity\2.2\instance-identity-2.2.jar;C:\Softs\.m2\repository\io\github\stephenc\crypto\self-signed-cert-generator\1.0.0\self-signed-cert-generator-1.0.0.jar;C:\Softs\.m2\repository\org\jenkins-ci\modules\ssh-cli-auth\1.8\ssh-cli-auth-1.8.jar;C:\Softs\.m2\repository\org\jenkins-ci\modules\slave-installer\1.7\slave-installer-1.7.jar;C:\Softs\.m2\repository\org\jenkins-ci\modules\windows-slave-installer\1.12\windows-slave-installer-1.12.jar;C:\Softs\.m2\repository\org\jenkins-ci\modules\launchd-slave-installer\1.2\launchd-slave-installer-1.2.jar;C:\Softs\.m2\repository\org\jenkins-ci\modules\upstart-slave-installer\1.1\upstart-slave-installer-1.1.jar;C:\Softs\.m2\repository\org\jenkins-ci\modules\systemd-slave-installer\1.1\systemd-slave-installer-1.1.jar;C:\Softs\.m2\repository\org\jenkins-ci\modules\sshd\2.6\sshd-2.6.jar;C:\Softs\.m2\repository\org\apache\sshd\sshd-core\1.7.0\sshd-core-1.7.0.jar;C:\Softs\.m2\repository\net\i2p\crypto\eddsa\0.3.0\eddsa-0.3.0.jar;C:\Softs\.m2\repository\org\jenkins-ci\ui\jquery-detached\1.2.1\jquery-detached-1.2.1-core-assets.jar;C:\Softs\.m2\repository\org\jenkins-ci\ui\bootstrap\1.3.2\bootstrap-1.3.2-core-assets.jar;C:\Softs\.m2\repository\org\jenkins-ci\ui\handlebars\1.1.1\handlebars-1.1.1-core-assets.jar;C:\Softs\.m2\repository\org\slf4j\slf4j-jdk14\1.7.26\slf4j-jdk14-1.7.26.jar;C:\Softs\.m2\repository\javax\servlet\javax.servlet-api\3.1.0\javax.servlet-api-3.1.0.jar;C:\Softs\.m2\repository\com\github\spotbugs\spotbugs-annotations\3.1.11\spotbugs-annotations-3.1.11.jar;C:\Softs\.m2\repository\com\google\code\findbugs\jsr305\3.0.2\jsr305-3.0.2.jar;C:\Softs\.m2\repository\net\jcip\jcip-annotations\1.0\jcip-annotations-1.0.jar;C:\Softs\.m2\repository\org\codehaus\mojo\animal-sniffer-annotations\1.18\animal-sniffer-annotations-1.18.jar;C:\Softs\.m2\repository\commons-logging\commons-logging\1.2\commons-logging-1.2.jar;C:\Softs\.m2\repository\org\kohsuke\access-modifier-annotation\1.16\access-modifier-annotation-1.16.jar;C:\Softs\.m2\repository\org\jenkins-ci\main\jenkins-test-harness\2.64\jenkins-test-harness-2.64.jar;C:\Softs\.m2\repository\org\eclipse\jetty\jetty-webapp\9.4.28.v20200408\jetty-webapp-9.4.28.v20200408.jar;C:\Softs\.m2\repository\org\eclipse\jetty\jetty-xml\9.4.28.v20200408\jetty-xml-9.4.28.v20200408.jar;C:\Softs\.m2\repository\org\eclipse\jetty\jetty-util\9.4.28.v20200408\jetty-util-9.4.28.v20200408.jar;C:\Softs\.m2\repository\org\eclipse\jetty\jetty-servlet\9.4.28.v20200408\jetty-servlet-9.4.28.v20200408.jar;C:\Softs\.m2\repository\org\eclipse\jetty\jetty-security\9.4.28.v20200408\jetty-security-9.4.28.v20200408.jar;C:\Softs\.m2\repository\org\eclipse\jetty\jetty-server\9.4.28.v20200408\jetty-server-9.4.28.v20200408.jar;C:\Softs\.m2\repository\org\eclipse\jetty\jetty-io\9.4.28.v20200408\jetty-io-9.4.28.v20200408.jar;C:\Softs\.m2\repository\org\eclipse\jetty\websocket\websocket-api\9.4.28.v20200408\websocket-api-9.4.28.v20200408.jar;C:\Softs\.m2\repository\org\eclipse\jetty\websocket\websocket-server\9.4.28.v20200408\websocket-server-9.4.28.v20200408.jar;C:\Softs\.m2\repository\org\eclipse\jetty\websocket\websocket-common\9.4.28.v20200408\websocket-common-9.4.28.v20200408.jar;C:\Softs\.m2\repository\org\eclipse\jetty\websocket\websocket-client\9.4.28.v20200408\websocket-client-9.4.28.v20200408.jar;C:\Softs\.m2\repository\org\eclipse\jetty\jetty-client\9.4.28.v20200408\jetty-client-9.4.28.v20200408.jar;C:\Softs\.m2\repository\org\eclipse\jetty\websocket\websocket-servlet\9.4.28.v20200408\websocket-servlet-9.4.28.v20200408.jar;C:\Softs\.m2\repository\org\eclipse\jetty\jetty-http\9.4.28.v20200408\jetty-http-9.4.28.v20200408.jar;C:\Softs\.m2\repository\org\hamcrest\hamcrest-library\2.2\hamcrest-library-2.2.jar;C:\Softs\.m2\repository\org\jenkins-ci\main\jenkins-test-harness-htmlunit\2.36.0-1\jenkins-test-harness-htmlunit-2.36.0-1.jar;C:\Softs\.m2\repository\xalan\serializer\2.7.2\serializer-2.7.2.jar;C:\Softs\.m2\repository\org\apache\commons\commons-lang3\3.9\commons-lang3-3.9.jar;C:\Softs\.m2\repository\org\apache\commons\commons-text\1.7\commons-text-1.7.jar;C:\Softs\.m2\repository\xml-apis\xml-apis\1.4.01\xml-apis-1.4.01.jar;C:\Softs\.m2\repository\commons-net\commons-net\3.6\commons-net-3.6.jar;C:\Softs\.m2\repository\org\brotli\dec\0.1.2\dec-0.1.2.jar;C:\Softs\.m2\repository\org\jvnet\hudson\embedded-rhino-debugger\1.2\embedded-rhino-debugger-1.2.jar;C:\Softs\.m2\repository\io\jenkins\lib\support-log-formatter\1.0\support-log-formatter-1.0.jar;C:\Softs\.m2\repository\org\netbeans\modules\org-netbeans-insane\RELEASE111\org-netbeans-insane-RELEASE111.jar;C:\Softs\.m2\repository\org\openjdk\jmh\jmh-core\1.23\jmh-core-1.23.jar;C:\Softs\.m2\repository\net\sf\jopt-simple\jopt-simple\4.6\jopt-simple-4.6.jar;C:\Softs\.m2\repository\org\apache\commons\commons-math3\3.2\commons-math3-3.2.jar;C:\Softs\.m2\repository\org\openjdk\jmh\jmh-generator-annprocess\1.23\jmh-generator-annprocess-1.23.jar;C:\Softs\.m2\repository\org\jenkins-ci\test-annotations\1.3\test-annotations-1.3.jar;C:\Softs\.m2\repository\junit\junit\4.13\junit-4.13.jar;"/>
    <property name="java.vm.vendor" value="Red Hat, Inc."/>
    <property name="sun.arch.data.model" value="64"/>
    <property name="user.variant" value=""/>
    <property name="java.vendor.url" value="https://access.redhat.com/"/>
    <property name="user.timezone" value="Europe/Paris"/>
    <property name="java.vm.specification.version" value="11"/>
    <property name="os.name" value="Windows 10"/>
    <property name="sun.java.launcher" value="SUN_STANDARD"/>
    <property name="user.country" value="FR"/>
    <property name="sun.boot.library.path" value="C:\Softs\Java\openjdk-11.0.8.10-2\bin"/>
    <property name="sun.java.command" value="C:\Users\CBC2B44N\AppData\Local\Temp\surefire495905518557923239\surefirebooter8008377753312008579.jar C:\Users\CBC2B44N\AppData\Local\Temp\surefire495905518557923239 2020-09-11T17-29-33_692-jvmRun1 surefire1411087495239261341tmp surefire_04513870330107233191tmp"/>
    <property name="jdk.debug" value="release"/>
    <property name="surefire.test.class.path" value="C:\Workspace\web-page\target\test-classes;C:\Workspace\web-page\target\classes;C:\Softs\.m2\repository\org\hamcrest\hamcrest-core\2.2\hamcrest-core-2.2.jar;C:\Softs\.m2\repository\org\hamcrest\hamcrest\2.2\hamcrest-2.2.jar;C:\Softs\.m2\repository\org\jenkins-ci\main\jenkins-core\2.235.5\jenkins-core-2.235.5.jar;C:\Softs\.m2\repository\org\jenkins-ci\plugins\icon-shim\icon-set\1.0.5\icon-set-1.0.5.jar;C:\Softs\.m2\repository\org\jenkins-ci\main\remoting\4.3\remoting-4.3.jar;C:\Softs\.m2\repository\org\jenkins-ci\main\cli\2.235.5\cli-2.235.5.jar;C:\Softs\.m2\repository\org\jenkins-ci\version-number\1.7\version-number-1.7.jar;C:\Softs\.m2\repository\org\jenkins-ci\crypto-util\1.5\crypto-util-1.5.jar;C:\Softs\.m2\repository\org\jvnet\hudson\jtidy\4aug2000r7-dev-hudson-1\jtidy-4aug2000r7-dev-hudson-1.jar;C:\Softs\.m2\repository\com\google\inject\guice\4.0\guice-4.0.jar;C:\Softs\.m2\repository\javax\inject\javax.inject\1\javax.inject-1.jar;C:\Softs\.m2\repository\aopalliance\aopalliance\1.0\aopalliance-1.0.jar;C:\Softs\.m2\repository\org\connectbot\jbcrypt\jbcrypt\1.0.0\jbcrypt-1.0.0.jar;C:\Softs\.m2\repository\org\jruby\ext\posix\jna-posix\1.0.3-jenkins-1\jna-posix-1.0.3-jenkins-1.jar;C:\Softs\.m2\repository\com\github\jnr\jnr-posix\3.0.45\jnr-posix-3.0.45.jar;C:\Softs\.m2\repository\com\github\jnr\jnr-ffi\2.1.8\jnr-ffi-2.1.8.jar;C:\Softs\.m2\repository\com\github\jnr\jffi\1.2.17\jffi-1.2.17.jar;C:\Softs\.m2\repository\com\github\jnr\jffi\1.2.16\jffi-1.2.16-native.jar;C:\Softs\.m2\repository\org\ow2\asm\asm\5.0.3\asm-5.0.3.jar;C:\Softs\.m2\repository\org\ow2\asm\asm-commons\5.0.3\asm-commons-5.0.3.jar;C:\Softs\.m2\repository\org\ow2\asm\asm-analysis\5.0.3\asm-analysis-5.0.3.jar;C:\Softs\.m2\repository\org\ow2\asm\asm-tree\5.0.3\asm-tree-5.0.3.jar;C:\Softs\.m2\repository\org\ow2\asm\asm-util\5.0.3\asm-util-5.0.3.jar;C:\Softs\.m2\repository\com\github\jnr\jnr-x86asm\1.0.2\jnr-x86asm-1.0.2.jar;C:\Softs\.m2\repository\com\github\jnr\jnr-constants\0.9.9\jnr-constants-0.9.9.jar;C:\Softs\.m2\repository\org\kohsuke\stapler\stapler-groovy\1.259\stapler-groovy-1.259.jar;C:\Softs\.m2\repository\org\kohsuke\stapler\stapler-jelly\1.259\stapler-jelly-1.259.jar;C:\Softs\.m2\repository\org\jenkins-ci\commons-jelly\1.1-jenkins-20120928\commons-jelly-1.1-jenkins-20120928.jar;C:\Softs\.m2\repository\org\dom4j\dom4j\2.1.1\dom4j-2.1.1.jar;C:\Softs\.m2\repository\org\kohsuke\stapler\stapler-jrebel\1.259\stapler-jrebel-1.259.jar;C:\Softs\.m2\repository\org\kohsuke\stapler\stapler\1.259\stapler-1.259.jar;C:\Softs\.m2\repository\javax\annotation\javax.annotation-api\1.2\javax.annotation-api-1.2.jar;C:\Softs\.m2\repository\commons-discovery\commons-discovery\0.4\commons-discovery-0.4.jar;C:\Softs\.m2\repository\org\jvnet\tiger-types\2.2\tiger-types-2.2.jar;C:\Softs\.m2\repository\org\kohsuke\asm5\5.0.1\asm5-5.0.1.jar;C:\Softs\.m2\repository\org\kohsuke\windows-package-checker\1.2\windows-package-checker-1.2.jar;C:\Softs\.m2\repository\org\kohsuke\stapler\stapler-adjunct-zeroclipboard\1.3.5-1\stapler-adjunct-zeroclipboard-1.3.5-1.jar;C:\Softs\.m2\repository\org\kohsuke\stapler\stapler-adjunct-timeline\1.5\stapler-adjunct-timeline-1.5.jar;C:\Softs\.m2\repository\org\kohsuke\stapler\stapler-adjunct-codemirror\1.3\stapler-adjunct-codemirror-1.3.jar;C:\Softs\.m2\repository\io\jenkins\stapler\jenkins-stapler-support\1.1\jenkins-stapler-support-1.1.jar;C:\Softs\.m2\repository\com\infradna\tool\bridge-method-annotation\1.13\bridge-method-annotation-1.13.jar;C:\Softs\.m2\repository\org\kohsuke\stapler\json-lib\2.4-jenkins-2\json-lib-2.4-jenkins-2.jar;C:\Softs\.m2\repository\net\sf\ezmorph\ezmorph\1.0.6\ezmorph-1.0.6.jar;C:\Softs\.m2\repository\commons-httpclient\commons-httpclient\3.1-jenkins-1\commons-httpclient-3.1-jenkins-1.jar;C:\Softs\.m2\repository\args4j\args4j\2.33\args4j-2.33.jar;C:\Softs\.m2\repository\org\jenkins-ci\annotation-indexer\1.12\annotation-indexer-1.12.jar;C:\Softs\.m2\repository\org\jenkins-ci\bytecode-compatibility-transformer\2.0-beta-2\bytecode-compatibility-transformer-2.0-beta-2.jar;C:\Softs\.m2\repository\org\kohsuke\asm6\6.2\asm6-6.2.jar;C:\Softs\.m2\repository\org\jenkins-ci\constant-pool-scanner\1.2\constant-pool-scanner-1.2.jar;C:\Softs\.m2\repository\org\jenkins-ci\task-reactor\1.5\task-reactor-1.5.jar;C:\Softs\.m2\repository\org\jvnet\localizer\localizer\1.26\localizer-1.26.jar;C:\Softs\.m2\repository\antlr\antlr\2.7.6\antlr-2.7.6.jar;C:\Softs\.m2\repository\org\jvnet\hudson\xstream\1.4.7-jenkins-1\xstream-1.4.7-jenkins-1.jar;C:\Softs\.m2\repository\xpp3\xpp3\1.1.4c\xpp3-1.1.4c.jar;C:\Softs\.m2\repository\net\sf\kxml\kxml2\2.3.0\kxml2-2.3.0.jar;C:\Softs\.m2\repository\org\jfree\jfreechart\1.0.19\jfreechart-1.0.19.jar;C:\Softs\.m2\repository\org\jfree\jcommon\1.0.23\jcommon-1.0.23.jar;C:\Softs\.m2\repository\org\apache\ant\ant\1.10.7\ant-1.10.7.jar;C:\Softs\.m2\repository\org\apache\ant\ant-launcher\1.10.7\ant-launcher-1.10.7.jar;C:\Softs\.m2\repository\commons-io\commons-io\2.6\commons-io-2.6.jar;C:\Softs\.m2\repository\commons-lang\commons-lang\2.6\commons-lang-2.6.jar;C:\Softs\.m2\repository\commons-digester\commons-digester\2.1\commons-digester-2.1.jar;C:\Softs\.m2\repository\commons-beanutils\commons-beanutils\1.9.3\commons-beanutils-1.9.3.jar;C:\Softs\.m2\repository\org\apache\commons\commons-compress\1.19\commons-compress-1.19.jar;C:\Softs\.m2\repository\com\sun\mail\jakarta.mail\1.6.5\jakarta.mail-1.6.5.jar;C:\Softs\.m2\repository\com\sun\activation\jakarta.activation\1.2.1\jakarta.activation-1.2.1.jar;C:\Softs\.m2\repository\jaxen\jaxen\1.1-beta-11\jaxen-1.1-beta-11.jar;C:\Softs\.m2\repository\commons-jelly\commons-jelly-tags-fmt\1.0\commons-jelly-tags-fmt-1.0.jar;C:\Softs\.m2\repository\commons-jelly\commons-jelly-tags-xml\1.1\commons-jelly-tags-xml-1.1.jar;C:\Softs\.m2\repository\org\jvnet\hudson\commons-jelly-tags-define\1.0.1-hudson-20071021\commons-jelly-tags-define-1.0.1-hudson-20071021.jar;C:\Softs\.m2\repository\org\jenkins-ci\commons-jexl\1.1-jenkins-20111212\commons-jexl-1.1-jenkins-20111212.jar;C:\Softs\.m2\repository\org\acegisecurity\acegi-security\1.0.7\acegi-security-1.0.7.jar;C:\Softs\.m2\repository\org\springframework\spring-jdbc\1.2.9\spring-jdbc-1.2.9.jar;C:\Softs\.m2\repository\org\springframework\spring-dao\1.2.9\spring-dao-1.2.9.jar;C:\Softs\.m2\repository\oro\oro\2.0.8\oro-2.0.8.jar;C:\Softs\.m2\repository\log4j\log4j\1.2.17\log4j-1.2.17.jar;C:\Softs\.m2\repository\org\codehaus\groovy\groovy-all\2.4.12\groovy-all-2.4.12.jar;C:\Softs\.m2\repository\jline\jline\2.12\jline-2.12.jar;C:\Softs\.m2\repository\org\fusesource\jansi\jansi\1.11\jansi-1.11.jar;C:\Softs\.m2\repository\org\springframework\spring-webmvc\2.5.6.SEC03\spring-webmvc-2.5.6.SEC03.jar;C:\Softs\.m2\repository\org\springframework\spring-beans\2.5.6.SEC03\spring-beans-2.5.6.SEC03.jar;C:\Softs\.m2\repository\org\springframework\spring-context\2.5.6.SEC03\spring-context-2.5.6.SEC03.jar;C:\Softs\.m2\repository\org\springframework\spring-context-support\2.5.6.SEC03\spring-context-support-2.5.6.SEC03.jar;C:\Softs\.m2\repository\org\springframework\spring-web\2.5.6.SEC03\spring-web-2.5.6.SEC03.jar;C:\Softs\.m2\repository\org\springframework\spring-core\2.5.6.SEC03\spring-core-2.5.6.SEC03.jar;C:\Softs\.m2\repository\org\springframework\spring-aop\2.5.6.SEC03\spring-aop-2.5.6.SEC03.jar;C:\Softs\.m2\repository\javax\servlet\jsp\jstl\javax.servlet.jsp.jstl-api\1.2.1\javax.servlet.jsp.jstl-api-1.2.1.jar;C:\Softs\.m2\repository\org\slf4j\jcl-over-slf4j\1.7.26\jcl-over-slf4j-1.7.26.jar;C:\Softs\.m2\repository\org\slf4j\slf4j-api\1.7.26\slf4j-api-1.7.26.jar;C:\Softs\.m2\repository\org\slf4j\log4j-over-slf4j\1.7.26\log4j-over-slf4j-1.7.26.jar;C:\Softs\.m2\repository\com\sun\xml\txw2\txw2\20110809\txw2-20110809.jar;C:\Softs\.m2\repository\javax\xml\stream\stax-api\1.0-2\stax-api-1.0-2.jar;C:\Softs\.m2\repository\relaxngDatatype\relaxngDatatype\20020414\relaxngDatatype-20020414.jar;C:\Softs\.m2\repository\commons-collections\commons-collections\3.2.2\commons-collections-3.2.2.jar;C:\Softs\.m2\repository\org\jvnet\winp\winp\1.28\winp-1.28.jar;C:\Softs\.m2\repository\org\jenkins-ci\memory-monitor\1.9\memory-monitor-1.9.jar;C:\Softs\.m2\repository\org\codehaus\woodstox\wstx-asl\3.2.9\wstx-asl-3.2.9.jar;C:\Softs\.m2\repository\stax\stax-api\1.0.1\stax-api-1.0.1.jar;C:\Softs\.m2\repository\net\java\dev\jna\jna\5.3.1\jna-5.3.1.jar;C:\Softs\.m2\repository\org\kohsuke\akuma\1.10\akuma-1.10.jar;C:\Softs\.m2\repository\org\kohsuke\libpam4j\1.11\libpam4j-1.11.jar;C:\Softs\.m2\repository\org\kohsuke\libzfs\0.8\libzfs-0.8.jar;C:\Softs\.m2\repository\com\sun\solaris\embedded_su4j\1.1\embedded_su4j-1.1.jar;C:\Softs\.m2\repository\net\java\sezpoz\sezpoz\1.13\sezpoz-1.13.jar;C:\Softs\.m2\repository\org\kohsuke\jinterop\j-interop\2.0.6-kohsuke-1\j-interop-2.0.6-kohsuke-1.jar;C:\Softs\.m2\repository\org\kohsuke\jinterop\j-interopdeps\2.0.6-kohsuke-1\j-interopdeps-2.0.6-kohsuke-1.jar;C:\Softs\.m2\repository\org\samba\jcifs\jcifs\1.3.17-kohsuke-1\jcifs-1.3.17-kohsuke-1.jar;C:\Softs\.m2\repository\org\jvnet\robust-http-client\robust-http-client\1.2\robust-http-client-1.2.jar;C:\Softs\.m2\repository\org\jenkins-ci\symbol-annotation\1.1\symbol-annotation-1.1.jar;C:\Softs\.m2\repository\commons-codec\commons-codec\1.14\commons-codec-1.14.jar;C:\Softs\.m2\repository\commons-fileupload\commons-fileupload\1.3.1-jenkins-2\commons-fileupload-1.3.1-jenkins-2.jar;C:\Softs\.m2\repository\com\google\guava\guava\11.0.1\guava-11.0.1.jar;C:\Softs\.m2\repository\com\jcraft\jzlib\1.1.3-kohsuke-1\jzlib-1.1.3-kohsuke-1.jar;C:\Softs\.m2\repository\org\jenkins-ci\main\jenkins-war\2.235.5\jenkins-war-2.235.5.war;C:\Softs\.m2\repository\org\jenkins-ci\modules\instance-identity\2.2\instance-identity-2.2.jar;C:\Softs\.m2\repository\io\github\stephenc\crypto\self-signed-cert-generator\1.0.0\self-signed-cert-generator-1.0.0.jar;C:\Softs\.m2\repository\org\jenkins-ci\modules\ssh-cli-auth\1.8\ssh-cli-auth-1.8.jar;C:\Softs\.m2\repository\org\jenkins-ci\modules\slave-installer\1.7\slave-installer-1.7.jar;C:\Softs\.m2\repository\org\jenkins-ci\modules\windows-slave-installer\1.12\windows-slave-installer-1.12.jar;C:\Softs\.m2\repository\org\jenkins-ci\modules\launchd-slave-installer\1.2\launchd-slave-installer-1.2.jar;C:\Softs\.m2\repository\org\jenkins-ci\modules\upstart-slave-installer\1.1\upstart-slave-installer-1.1.jar;C:\Softs\.m2\repository\org\jenkins-ci\modules\systemd-slave-installer\1.1\systemd-slave-installer-1.1.jar;C:\Softs\.m2\repository\org\jenkins-ci\modules\sshd\2.6\sshd-2.6.jar;C:\Softs\.m2\repository\org\apache\sshd\sshd-core\1.7.0\sshd-core-1.7.0.jar;C:\Softs\.m2\repository\net\i2p\crypto\eddsa\0.3.0\eddsa-0.3.0.jar;C:\Softs\.m2\repository\org\jenkins-ci\ui\jquery-detached\1.2.1\jquery-detached-1.2.1-core-assets.jar;C:\Softs\.m2\repository\org\jenkins-ci\ui\bootstrap\1.3.2\bootstrap-1.3.2-core-assets.jar;C:\Softs\.m2\repository\org\jenkins-ci\ui\handlebars\1.1.1\handlebars-1.1.1-core-assets.jar;C:\Softs\.m2\repository\org\slf4j\slf4j-jdk14\1.7.26\slf4j-jdk14-1.7.26.jar;C:\Softs\.m2\repository\javax\servlet\javax.servlet-api\3.1.0\javax.servlet-api-3.1.0.jar;C:\Softs\.m2\repository\com\github\spotbugs\spotbugs-annotations\3.1.11\spotbugs-annotations-3.1.11.jar;C:\Softs\.m2\repository\com\google\code\findbugs\jsr305\3.0.2\jsr305-3.0.2.jar;C:\Softs\.m2\repository\net\jcip\jcip-annotations\1.0\jcip-annotations-1.0.jar;C:\Softs\.m2\repository\org\codehaus\mojo\animal-sniffer-annotations\1.18\animal-sniffer-annotations-1.18.jar;C:\Softs\.m2\repository\commons-logging\commons-logging\1.2\commons-logging-1.2.jar;C:\Softs\.m2\repository\org\kohsuke\access-modifier-annotation\1.16\access-modifier-annotation-1.16.jar;C:\Softs\.m2\repository\org\jenkins-ci\main\jenkins-test-harness\2.64\jenkins-test-harness-2.64.jar;C:\Softs\.m2\repository\org\eclipse\jetty\jetty-webapp\9.4.28.v20200408\jetty-webapp-9.4.28.v20200408.jar;C:\Softs\.m2\repository\org\eclipse\jetty\jetty-xml\9.4.28.v20200408\jetty-xml-9.4.28.v20200408.jar;C:\Softs\.m2\repository\org\eclipse\jetty\jetty-util\9.4.28.v20200408\jetty-util-9.4.28.v20200408.jar;C:\Softs\.m2\repository\org\eclipse\jetty\jetty-servlet\9.4.28.v20200408\jetty-servlet-9.4.28.v20200408.jar;C:\Softs\.m2\repository\org\eclipse\jetty\jetty-security\9.4.28.v20200408\jetty-security-9.4.28.v20200408.jar;C:\Softs\.m2\repository\org\eclipse\jetty\jetty-server\9.4.28.v20200408\jetty-server-9.4.28.v20200408.jar;C:\Softs\.m2\repository\org\eclipse\jetty\jetty-io\9.4.28.v20200408\jetty-io-9.4.28.v20200408.jar;C:\Softs\.m2\repository\org\eclipse\jetty\websocket\websocket-api\9.4.28.v20200408\websocket-api-9.4.28.v20200408.jar;C:\Softs\.m2\repository\org\eclipse\jetty\websocket\websocket-server\9.4.28.v20200408\websocket-server-9.4.28.v20200408.jar;C:\Softs\.m2\repository\org\eclipse\jetty\websocket\websocket-common\9.4.28.v20200408\websocket-common-9.4.28.v20200408.jar;C:\Softs\.m2\repository\org\eclipse\jetty\websocket\websocket-client\9.4.28.v20200408\websocket-client-9.4.28.v20200408.jar;C:\Softs\.m2\repository\org\eclipse\jetty\jetty-client\9.4.28.v20200408\jetty-client-9.4.28.v20200408.jar;C:\Softs\.m2\repository\org\eclipse\jetty\websocket\websocket-servlet\9.4.28.v20200408\websocket-servlet-9.4.28.v20200408.jar;C:\Softs\.m2\repository\org\eclipse\jetty\jetty-http\9.4.28.v20200408\jetty-http-9.4.28.v20200408.jar;C:\Softs\.m2\repository\org\hamcrest\hamcrest-library\2.2\hamcrest-library-2.2.jar;C:\Softs\.m2\repository\org\jenkins-ci\main\jenkins-test-harness-htmlunit\2.36.0-1\jenkins-test-harness-htmlunit-2.36.0-1.jar;C:\Softs\.m2\repository\xalan\serializer\2.7.2\serializer-2.7.2.jar;C:\Softs\.m2\repository\org\apache\commons\commons-lang3\3.9\commons-lang3-3.9.jar;C:\Softs\.m2\repository\org\apache\commons\commons-text\1.7\commons-text-1.7.jar;C:\Softs\.m2\repository\xml-apis\xml-apis\1.4.01\xml-apis-1.4.01.jar;C:\Softs\.m2\repository\commons-net\commons-net\3.6\commons-net-3.6.jar;C:\Softs\.m2\repository\org\brotli\dec\0.1.2\dec-0.1.2.jar;C:\Softs\.m2\repository\org\jvnet\hudson\embedded-rhino-debugger\1.2\embedded-rhino-debugger-1.2.jar;C:\Softs\.m2\repository\io\jenkins\lib\support-log-formatter\1.0\support-log-formatter-1.0.jar;C:\Softs\.m2\repository\org\netbeans\modules\org-netbeans-insane\RELEASE111\org-netbeans-insane-RELEASE111.jar;C:\Softs\.m2\repository\org\openjdk\jmh\jmh-core\1.23\jmh-core-1.23.jar;C:\Softs\.m2\repository\net\sf\jopt-simple\jopt-simple\4.6\jopt-simple-4.6.jar;C:\Softs\.m2\repository\org\apache\commons\commons-math3\3.2\commons-math3-3.2.jar;C:\Softs\.m2\repository\org\openjdk\jmh\jmh-generator-annprocess\1.23\jmh-generator-annprocess-1.23.jar;C:\Softs\.m2\repository\org\jenkins-ci\test-annotations\1.3\test-annotations-1.3.jar;C:\Softs\.m2\repository\junit\junit\4.13\junit-4.13.jar;"/>
    <property name="sun.cpu.endian" value="little"/>
    <property name="user.home" value="C:\Users\CBC2B44N"/>
    <property name="user.language" value="fr"/>
    <property name="java.specification.vendor" value="Oracle Corporation"/>
    <property name="org.mortbay.jetty.Request.maxFormContentSize" value="-1"/>
    <property name="java.version.date" value="2020-07-14"/>
    <property name="java.home" value="C:\Softs\Java\openjdk-11.0.8.10-2"/>
    <property name="file.separator" value="\"/>
    <property name="basedir" value="C:\Workspace\web-page"/>
    <property name="java.vm.compressedOopsMode" value="32-bit"/>
    <property name="line.separator" value="&#10;"/>
    <property name="java.specification.name" value="Java Platform API Specification"/>
    <property name="java.vm.specification.vendor" value="Oracle Corporation"/>
    <property name="java.awt.graphicsenv" value="sun.awt.Win32GraphicsEnvironment"/>
    <property name="java.awt.headless" value="true"/>
    <property name="surefire.real.class.path" value="C:\Users\CBC2B44N\AppData\Local\Temp\surefire495905518557923239\surefirebooter8008377753312008579.jar"/>
    <property name="user.script" value=""/>
    <property name="sun.management.compiler" value="HotSpot 64-Bit Tiered Compilers"/>
    <property name="java.runtime.version" value="11.0.8+10-LTS"/>
    <property name="user.name" value="CBC2B44N"/>
    <property name="path.separator" value=";"/>
    <property name="os.version" value="10.0"/>
    <property name="java.runtime.name" value="OpenJDK Runtime Environment"/>
    <property name="file.encoding" value="Cp1252"/>
    <property name="jnidispatch.path" value="C:\Workspace\web-page\target\tmp\jna-1216223290\jna1743206243998245374.dll"/>
    <property name="java.vm.name" value="OpenJDK 64-Bit Server VM"/>
    <property name="java.vendor.version" value="18.9"/>
    <property name="localRepository" value="C:\Softs\.m2\repository"/>
    <property name="jna.loaded" value="true"/>
    <property name="java.vendor.url.bug" value="https://bugzilla.redhat.com/enter_bug.cgi"/>
    <property name="jetty.git.hash" value="ab228fde9e55e9164c738d7fa121f8ac5acd51c9"/>
    <property name="java.io.tmpdir" value="C:\Workspace\web-page\target/tmp"/>
    <property name="java.version" value="11.0.8"/>
    <property name="user.dir" value="C:\Workspace\web-page"/>
    <property name="os.arch" value="amd64"/>
    <property name="jenkins.model.Jenkins.SHOW_STACK_TRACE" value="true"/>
    <property name="java.vm.specification.name" value="Java Virtual Machine Specification"/>
    <property name="java.awt.printerjob" value="sun.awt.windows.WPrinterJob"/>
    <property name="sun.os.patch.level" value=""/>
    <property name="java.library.path" value="C:\Softs\Java\openjdk-11.0.8.10-2\bin;C:\windows\Sun\Java\bin;C:\windows\system32;C:\windows;C:\Softs\Java\openjdk-11.0.8.10-2\bin;C:\Softs\apache-maven-3.6.3\bin;C:\ProgramData\Oracle\Java\javapath;C:\windows\system32;C:\windows;C:\windows\System32\Wbem;C:\windows\System32\WindowsPowerShell\v1.0\;C:\windows\System32\OpenSSH\;C:\Users\CBC2B44N\AppData\Local\Microsoft\WindowsApps;C:\Users\CBC2B44N\AppData\Local\Programs\Microsoft VS Code\bin;C:\Users\CBC2B44N\AppData\Local\Programs\Git\cmd;C:\Users\CBC2B44N\AppData\Local\Programs\Git\mingw64\bin;C:\Users\CBC2B44N\AppData\Local\Programs\Git\usr\bin;."/>
    <property name="java.vm.info" value="mixed mode"/>
    <property name="java.vendor" value="Red Hat, Inc."/>
    <property name="java.vm.version" value="11.0.8+10-LTS"/>
    <property name="sun.io.unicode.encoding" value="UnicodeLittle"/>
    <property name="java.class.version" value="55.0"/>
  </properties>
  <testcase name="testGetIconFileName" classname="org.jenkinsci.plugins.PageTest" time="0"/>
  <testcase name="testGetDisplayName" classname="org.jenkinsci.plugins.PageTest" time="0"/>
  <testcase name="testGetUrlName" classname="org.jenkinsci.plugins.PageTest" time="0"/>
</testsuite>